2011/01/20 13:01:06 INFO> kanopya-executor:66 main::__ANON__ - Starting main loop
2011/01/20 13:01:06 DEBUG> EFactory.pm:70 EFactory::newEOperation - EOperation class is EOperation::ERemoveSystemimage
2011/01/20 13:01:06 INFO> EFactory.pm:80 EFactory::newEOperation - EOperation::ERemoveSystemimage instanciated
2011/01/20 13:01:06 DEBUG> EOperation.pm:77 EOperation::new - Class is : EOperation::ERemoveSystemimage
2011/01/20 13:01:06 INFO> Executor.pm:122 Executor::run - New operation (EOperation::ERemoveSystemimage) retrieve ; execution processing
2011/01/20 13:01:06 DEBUG> EOperation.pm:110 EOperation::prepare - Class is : Operation=HASH(0x320e298)
2011/01/20 13:01:06 DEBUG> EOperation.pm:112 EOperation::prepare - Change user by user_id : 1
2011/01/20 13:01:06 INFO> ERemoveSystemimage.pm:127 EOperation::ERemoveSystemimage::prepare - Load systemimage instance
2011/01/20 13:01:06 DEBUG> ERemoveSystemimage.pm:137 EOperation::ERemoveSystemimage::prepare - get systemimage self->{_objs}->{systemimage} of type : Entity::Systemimage
2011/01/20 13:01:06 DEBUG> ERemoveSystemimage.pm:95 EOperation::ERemoveSystemimage::checkOp - checking systemimage active value <8>
2011/01/20 13:01:06 DEBUG> EFactory.pm:142 EFactory::newEContext - ip_source & ip_destination are the same, using EContext::Local
2011/01/20 13:01:06 INFO> Local.pm:80 EContext::Local::new - new EContext::Local instance
2011/01/20 13:01:06 DEBUG> General.pm:55 General::getClassEEntityFromEntity - Try to get Eentity class from objectEntity::Component::Storage::Lvm2
2011/01/20 13:01:06 DEBUG> General.pm:67 General::getClassEEntityFromEntity - EEntity::EComponent::EStorage::ELvm2 retrieved from Entity::Component::Storage::Lvm2
2011/01/20 13:01:06 DEBUG> EFactory.pm:100 EFactory::newEEntity - GetClassEEntityFromEntity return EEntity::EComponent::EStorage::ELvm2
2011/01/20 13:01:06 INFO> EFactory.pm:110 EFactory::newEEntity - EEntity::EComponent::EStorage::ELvm2 instanciated
2011/01/20 13:01:06 DEBUG> EEntity.pm:69 EEntity::new - Class is : EEntity::EComponent::EStorage::ELvm2
2011/01/20 13:01:06 INFO> ERemoveSystemimage.pm:183 EOperation::ERemoveSystemimage::execute - etc device deletion for systemimage
2011/01/20 13:01:06 DEBUG> ELvm2.pm:180 EEntity::EComponent::EStorage::ELvm2::lvRemove - Command execute in the following context : <EContext::Local>
2011/01/20 13:01:06 DEBUG> ELvm2.pm:181 EEntity::EComponent::EStorage::ELvm2::lvRemove - lvremove -f /dev/vg1/etc_MySystemImageTest
2011/01/20 13:01:06 DEBUG> Local.pm:115 EContext::Local::execute - Command execute is : <lvremove -f /dev/vg1/etc_MySystemImageTest>
2011/01/20 13:01:07 DEBUG> Local.pm:121 EContext::Local::execute - Command stdout is : '  Logical volume "etc_MySystemImageTest" successfully removed
'
2011/01/20 13:01:07 DEBUG> Local.pm:122 EContext::Local::execute - Command stderr is : 'File descriptor 10 (socket:[176574]) leaked on lvremove invocation. Parent PID 25315: sh
'
2011/01/20 13:01:07 DEBUG> Local.pm:115 EContext::Local::execute - Command execute is : <vgs vg1 --noheadings -o vg_free --nosuffix --units M --rows>
2011/01/20 13:01:08 DEBUG> Local.pm:121 EContext::Local::execute - Command stdout is : '  38931.53
'
2011/01/20 13:01:08 DEBUG> Local.pm:122 EContext::Local::execute - Command stderr is : 'File descriptor 10 (socket:[176574]) leaked on vgs invocation. Parent PID 25324: sh
'
2011/01/20 13:01:08 INFO> ERemoveSystemimage.pm:186 EOperation::ERemoveSystemimage::execute - etc device deletion for systemimage
2011/01/20 13:01:08 DEBUG> ELvm2.pm:180 EEntity::EComponent::EStorage::ELvm2::lvRemove - Command execute in the following context : <EContext::Local>
2011/01/20 13:01:08 DEBUG> ELvm2.pm:181 EEntity::EComponent::EStorage::ELvm2::lvRemove - lvremove -f /dev/vg1/root_MySystemImageTest
2011/01/20 13:01:08 DEBUG> Local.pm:115 EContext::Local::execute - Command execute is : <lvremove -f /dev/vg1/root_MySystemImageTest>
2011/01/20 13:01:08 DEBUG> Local.pm:121 EContext::Local::execute - Command stdout is : '  Logical volume "root_MySystemImageTest" successfully removed
'
2011/01/20 13:01:08 DEBUG> Local.pm:122 EContext::Local::execute - Command stderr is : 'File descriptor 10 (socket:[176574]) leaked on lvremove invocation. Parent PID 25330: sh
'
2011/01/20 13:01:09 DEBUG> Local.pm:115 EContext::Local::execute - Command execute is : <vgs vg1 --noheadings -o vg_free --nosuffix --units M --rows>
2011/01/20 13:01:09 DEBUG> Local.pm:121 EContext::Local::execute - Command stdout is : '  45373.98
'
2011/01/20 13:01:09 DEBUG> Local.pm:122 EContext::Local::execute - Command stderr is : 'File descriptor 10 (socket:[176574]) leaked on vgs invocation. Parent PID 25337: sh
'
2011/01/20 13:01:09 DEBUG> EFactory.pm:70 EFactory::newEOperation - EOperation class is EOperation::ERemoveSystemimage
2011/01/20 13:01:09 INFO> EFactory.pm:80 EFactory::newEOperation - EOperation::ERemoveSystemimage instanciated
2011/01/20 13:01:09 DEBUG> EOperation.pm:77 EOperation::new - Class is : EOperation::ERemoveSystemimage
2011/01/20 13:01:09 INFO> Executor.pm:122 Executor::run - New operation (EOperation::ERemoveSystemimage) retrieve ; execution processing
2011/01/20 13:01:09 DEBUG> EOperation.pm:110 EOperation::prepare - Class is : Operation=HASH(0xa518d8)
2011/01/20 13:01:09 DEBUG> EOperation.pm:112 EOperation::prepare - Change user by user_id : 1
2011/01/20 13:01:09 INFO> ERemoveSystemimage.pm:127 EOperation::ERemoveSystemimage::prepare - Load systemimage instance
2011/01/20 13:01:09 DEBUG> ERemoveSystemimage.pm:137 EOperation::ERemoveSystemimage::prepare - get systemimage self->{_objs}->{systemimage} of type : Entity::Systemimage
2011/01/20 13:01:09 DEBUG> ERemoveSystemimage.pm:95 EOperation::ERemoveSystemimage::checkOp - checking systemimage active value <9>
2011/01/20 13:01:09 DEBUG> EFactory.pm:142 EFactory::newEContext - ip_source & ip_destination are the same, using EContext::Local
2011/01/20 13:01:09 INFO> Local.pm:74 EContext::Local::new - EContext::Local instance retrieved
2011/01/20 13:01:09 DEBUG> General.pm:55 General::getClassEEntityFromEntity - Try to get Eentity class from objectEntity::Component::Storage::Lvm2
2011/01/20 13:01:09 DEBUG> General.pm:67 General::getClassEEntityFromEntity - EEntity::EComponent::EStorage::ELvm2 retrieved from Entity::Component::Storage::Lvm2
2011/01/20 13:01:09 DEBUG> EFactory.pm:100 EFactory::newEEntity - GetClassEEntityFromEntity return EEntity::EComponent::EStorage::ELvm2
2011/01/20 13:01:09 INFO> EFactory.pm:110 EFactory::newEEntity - EEntity::EComponent::EStorage::ELvm2 instanciated
2011/01/20 13:01:09 DEBUG> EEntity.pm:69 EEntity::new - Class is : EEntity::EComponent::EStorage::ELvm2
2011/01/20 13:01:09 INFO> ERemoveSystemimage.pm:183 EOperation::ERemoveSystemimage::execute - etc device deletion for systemimage
2011/01/20 13:01:09 DEBUG> ELvm2.pm:180 EEntity::EComponent::EStorage::ELvm2::lvRemove - Command execute in the following context : <EContext::Local>
2011/01/20 13:01:09 DEBUG> ELvm2.pm:181 EEntity::EComponent::EStorage::ELvm2::lvRemove - lvremove -f /dev/vg1/etc_Systemimagecloned
2011/01/20 13:01:09 DEBUG> Local.pm:115 EContext::Local::execute - Command execute is : <lvremove -f /dev/vg1/etc_Systemimagecloned>
2011/01/20 13:01:10 DEBUG> Local.pm:121 EContext::Local::execute - Command stdout is : '  Logical volume "etc_Systemimagecloned" successfully removed
'
2011/01/20 13:01:10 DEBUG> Local.pm:122 EContext::Local::execute - Command stderr is : 'File descriptor 10 (socket:[176574]) leaked on lvremove invocation. Parent PID 25346: sh
'
2011/01/20 13:01:10 DEBUG> Local.pm:115 EContext::Local::execute - Command execute is : <vgs vg1 --noheadings -o vg_free --nosuffix --units M --rows>
2011/01/20 13:01:10 DEBUG> Local.pm:121 EContext::Local::execute - Command stdout is : '  45428.51
'
2011/01/20 13:01:10 DEBUG> Local.pm:122 EContext::Local::execute - Command stderr is : 'File descriptor 10 (socket:[176574]) leaked on vgs invocation. Parent PID 25352: sh
'
2011/01/20 13:01:10 INFO> ERemoveSystemimage.pm:186 EOperation::ERemoveSystemimage::execute - etc device deletion for systemimage
2011/01/20 13:01:10 DEBUG> ELvm2.pm:180 EEntity::EComponent::EStorage::ELvm2::lvRemove - Command execute in the following context : <EContext::Local>
2011/01/20 13:01:10 DEBUG> ELvm2.pm:181 EEntity::EComponent::EStorage::ELvm2::lvRemove - lvremove -f /dev/vg1/root_Systemimagecloned
2011/01/20 13:01:10 DEBUG> Local.pm:115 EContext::Local::execute - Command execute is : <lvremove -f /dev/vg1/root_Systemimagecloned>
2011/01/20 13:01:11 DEBUG> Local.pm:121 EContext::Local::execute - Command stdout is : '  Logical volume "root_Systemimagecloned" successfully removed
'
2011/01/20 13:01:11 DEBUG> Local.pm:122 EContext::Local::execute - Command stderr is : 'File descriptor 10 (socket:[176574]) leaked on lvremove invocation. Parent PID 25359: sh
'
2011/01/20 13:01:11 DEBUG> Local.pm:115 EContext::Local::execute - Command execute is : <vgs vg1 --noheadings -o vg_free --nosuffix --units M --rows>
2011/01/20 13:01:11 DEBUG> Local.pm:121 EContext::Local::execute - Command stdout is : '  51870.96
'
2011/01/20 13:01:11 DEBUG> Local.pm:122 EContext::Local::execute - Command stderr is : 'File descriptor 10 (socket:[176574]) leaked on vgs invocation. Parent PID 25365: sh
'
